<?xml version="1.0" encoding="UTF-8"?>
<!-- Generated by org.testng.reporters.JUnitXMLReporter -->
<testsuite hostname="DESKTOP-712FLGM" ignored="18" name="Smoke Test" tests="3" failures="0" timestamp="2020-06-02T20:04:18 CDT" time="29.126" errors="0">
  <testcase name="InvalidPasswordAdminLogin" time="1.609" classname="com.hrms.testcases.LoginTest"/>
  <testcase name="emptyUsername" time="0.338" classname="com.hrms.testcases.LoginTest"/>
  <testcase name="validAdminLogin" time="3.981" classname="com.hrms.testcases.LoginTest"/>
  <testcase name="DefiningReport" time="0.0" classname="com.hrms.testcases.ReportsDefinition">
    <ignored/>
  </testcase> <!-- DefiningReport -->
  <testcase name="@BeforeTest generateReport" time="0.0" classname="com.hrms.testbase.BaseClass">
    <ignored/>
  </testcase> <!-- @BeforeTest generateReport -->
  <testcase name="@BeforeTest generateReport" time="0.0" classname="com.hrms.testbase.BaseClass">
    <ignored/>
  </testcase> <!-- @BeforeTest generateReport -->
  <testcase name="@BeforeTest generateReport" time="0.0" classname="com.hrms.testbase.BaseClass">
    <ignored/>
  </testcase> <!-- @BeforeTest generateReport -->
  <testcase name="@BeforeTest generateReport" time="0.0" classname="com.hrms.testbase.BaseClass">
    <ignored/>
  </testcase> <!-- @BeforeTest generateReport -->
  <testcase name="@BeforeTest generateReport" time="0.0" classname="com.hrms.testbase.BaseClass">
    <ignored/>
  </testcase> <!-- @BeforeTest generateReport -->
  <testcase name="requiredFields" time="0.0" classname="com.hrms.testcases.EmployeecCredentials">
    <ignored/>
  </testcase> <!-- requiredFields -->
  <testcase name="DefiningReport" time="0.0" classname="com.hrms.testcases.Excelcomplex">
    <ignored/>
  </testcase> <!-- DefiningReport -->
  <testcase name="verifylabels" time="0.0" classname="com.hrms.testcases.AddEmployee">
    <ignored/>
  </testcase> <!-- verifylabels -->
  <testcase name="@AfterTest writeReport" time="0.0" classname="com.hrms.testbase.BaseClass">
    <ignored/>
  </testcase> <!-- @AfterTest writeReport -->
  <testcase name="@AfterTest writeReport" time="0.0" classname="com.hrms.testbase.BaseClass">
    <ignored/>
  </testcase> <!-- @AfterTest writeReport -->
  <testcase name="@AfterTest writeReport" time="0.0" classname="com.hrms.testbase.BaseClass">
    <ignored/>
  </testcase> <!-- @AfterTest writeReport -->
  <testcase name="@AfterTest writeReport" time="0.0" classname="com.hrms.testbase.BaseClass">
    <ignored/>
  </testcase> <!-- @AfterTest writeReport -->
  <testcase name="@AfterTest writeReport" time="0.0" classname="com.hrms.testbase.BaseClass">
    <ignored/>
  </testcase> <!-- @AfterTest writeReport -->
  <testcase name="loginCredentials" time="0.0" classname="com.hrms.testcases.EmployeecCredentials">
    <ignored/>
  </testcase> <!-- loginCredentials -->
  <testcase name="verifyEmployee" time="0.0" classname="com.hrms.testcases.AddEmployee">
    <ignored/>
  </testcase> <!-- verifyEmployee -->
  <testcase name="loginCredentials" time="0.0" classname="com.hrms.testcases.FiveEmployees">
    <ignored/>
  </testcase> <!-- loginCredentials -->
  <testcase name="f" time="0.0" classname="com.hrms.testcases.FiveEmployeesTest">
    <ignored/>
  </testcase> <!-- f -->
</testsuite> <!-- Smoke Test -->
